
  .   ____          _            __ _ _
 /\\ / ___'_ __ _ _(_)_ __  __ _ \ \ \ \
( ( )\___ | '_ | '_| | '_ \/ _` | \ \ \ \
 \\/  ___)| |_)| | | | | || (_| |  ) ) ) )
  '  |____| .__|_| |_|_| |_\__, | / / / /
 =========|_|==============|___/=/_/_/_/
 :: Spring Boot ::               (v2.7.18)

2026-04-08 23:10:41.974  INFO 23860 --- [           main] c.n.NeighbourLinkApplication             : Starting NeighbourLinkApplication v0.0.1-SNAPSHOT using Java 17.0.2 on Charming with PID 23860 (C:\Users\gs658\OneDrive\??\NeighbourLink\backend\target\backend-0.0.1-SNAPSHOT.jar started by gs658 in C:\Users\gs658\OneDrive\??\NeighbourLink\backend)
2026-04-08 23:10:41.984  INFO 23860 --- [           main] c.n.NeighbourLinkApplication             : No active profile set, falling back to 1 default profile: "default"
2026-04-08 23:10:43.232  INFO 23860 --- [           main] .s.d.r.c.RepositoryConfigurationDelegate : Bootstrapping Spring Data JPA repositories in DEFAULT mode.
2026-04-08 23:10:43.588  INFO 23860 --- [           main] .s.d.r.c.RepositoryConfigurationDelegate : Finished Spring Data repository scanning in 280 ms. Found 12 JPA repository interfaces.
2026-04-08 23:10:45.744  INFO 23860 --- [           main] o.s.b.w.embedded.tomcat.TomcatWebServer  : Tomcat initialized with port(s): 8080 (http)
2026-04-08 23:10:45.760  INFO 23860 --- [           main] o.apache.catalina.core.StandardService   : Starting service [Tomcat]
2026-04-08 23:10:45.761  INFO 23860 --- [           main] org.apache.catalina.core.StandardEngine  : Starting Servlet engine: [Apache Tomcat/9.0.83]
2026-04-08 23:10:45.904  INFO 23860 --- [           main] o.a.c.c.C.[Tomcat].[localhost].[/]       : Initializing Spring embedded WebApplicationContext
2026-04-08 23:10:45.905  INFO 23860 --- [           main] w.s.c.ServletWebServerApplicationContext : Root WebApplicationContext: initialization completed in 3815 ms
2026-04-08 23:10:46.326  INFO 23860 --- [           main] o.hibernate.jpa.internal.util.LogHelper  : HHH000204: Processing PersistenceUnitInfo [name: default]
2026-04-08 23:10:46.557  INFO 23860 --- [           main] org.hibernate.Version                    : HHH000412: Hibernate ORM core version 5.6.15.Final
2026-04-08 23:10:46.918  INFO 23860 --- [           main] o.hibernate.annotations.common.Version   : HCANN000001: Hibernate Commons Annotations {5.1.2.Final}
2026-04-08 23:10:47.042  INFO 23860 --- [           main] org.hibernate.dialect.Dialect            : HHH000400: Using dialect: org.sqlite.hibernate.dialect.SQLiteDialect
2026-04-08 23:10:47.134  INFO 23860 --- [           main] com.zaxxer.hikari.HikariDataSource       : HikariPool-1 - Starting...
2026-04-08 23:10:47.327  INFO 23860 --- [           main] com.zaxxer.hikari.HikariDataSource       : HikariPool-1 - Start completed.
2026-04-08 23:10:47.343  INFO 23860 --- [           main] org.hibernate.dialect.Dialect            : HHH000400: Using dialect: org.sqlite.hibernate.dialect.SQLiteDialect
2026-04-08 23:10:49.653  INFO 23860 --- [           main] o.h.e.t.j.p.i.JtaPlatformInitiator       : HHH000490: Using JtaPlatform implementation: [org.hibernate.engine.transaction.jta.platform.internal.NoJtaPlatform]
2026-04-08 23:10:49.677  INFO 23860 --- [           main] j.LocalContainerEntityManagerFactoryBean : Initialized JPA EntityManagerFactory for persistence unit 'default'
2026-04-08 23:10:53.568  WARN 23860 --- [           main] JpaBaseConfiguration$JpaWebConfiguration : spring.jpa.open-in-view is enabled by default. Therefore, database queries may be performed during view rendering. Explicitly configure spring.jpa.open-in-view to disable this warning
2026-04-08 23:10:54.773  INFO 23860 --- [           main] o.s.b.w.embedded.tomcat.TomcatWebServer  : Tomcat started on port(s): 8080 (http) with context path ''
2026-04-08 23:10:54.804  INFO 23860 --- [           main] c.n.NeighbourLinkApplication             : Started NeighbourLinkApplication in 13.674 seconds (JVM running for 14.406)
2026-04-08 23:10:54.913  INFO 23860 --- [nio-8080-exec-2] o.a.c.c.C.[Tomcat].[localhost].[/]       : Initializing Spring DispatcherServlet 'dispatcherServlet'
2026-04-08 23:10:54.916  INFO 23860 --- [nio-8080-exec-2] o.s.web.servlet.DispatcherServlet        : Initializing Servlet 'dispatcherServlet'
2026-04-08 23:10:54.918  INFO 23860 --- [nio-8080-exec-2] o.s.web.servlet.DispatcherServlet        : Completed initialization in 2 ms
2026-04-09 00:18:20.714  WARN 23860 --- [l-1 housekeeper] com.zaxxer.hikari.pool.HikariPool        : HikariPool-1 - Thread starvation or clock leap detected (housekeeper delta=1h1m3s156ms948Ás699ns).
2026-04-09 05:18:15.136  WARN 23860 --- [l-1 housekeeper] com.zaxxer.hikari.pool.HikariPool        : HikariPool-1 - Thread starvation or clock leap detected (housekeeper delta=4h30m23s971ms75Ás700ns).
2026-04-09 08:19:02.416  WARN 23860 --- [l-1 housekeeper] com.zaxxer.hikari.pool.HikariPool        : HikariPool-1 - Thread starvation or clock leap detected (housekeeper delta=2h31m16s837ms588Ás700ns).
2026-04-09 09:29:55.953  WARN 23860 --- [l-1 housekeeper] com.zaxxer.hikari.pool.HikariPool        : HikariPool-1 - Thread starvation or clock leap detected (housekeeper delta=1h10m53s537ms433Ás800ns).
