
  .   ____          _            __ _ _
 /\\ / ___'_ __ _ _(_)_ __  __ _ \ \ \ \
( ( )\___ | '_ | '_| | '_ \/ _` | \ \ \ \
 \\/  ___)| |_)| | | | | || (_| |  ) ) ) )
  '  |____| .__|_| |_|_| |_\__, | / / / /
 =========|_|==============|___/=/_/_/_/
 :: Spring Boot ::               (v2.7.18)

2026-04-09 10:18:33.290  INFO 2752 --- [           main] c.n.NeighbourLinkApplication             : Starting NeighbourLinkApplication v0.0.1-SNAPSHOT using Java 17.0.2 on Charming with PID 2752 (C:\Users\gs658\OneDrive\??\NeighbourLink\backend\target\backend-0.0.1-SNAPSHOT.jar started by gs658 in C:\Users\gs658\OneDrive\??\NeighbourLink\backend)
2026-04-09 10:18:33.295  INFO 2752 --- [           main] c.n.NeighbourLinkApplication             : No active profile set, falling back to 1 default profile: "default"
2026-04-09 10:18:34.567  INFO 2752 --- [           main] .s.d.r.c.RepositoryConfigurationDelegate : Bootstrapping Spring Data JPA repositories in DEFAULT mode.
2026-04-09 10:18:34.714  INFO 2752 --- [           main] .s.d.r.c.RepositoryConfigurationDelegate : Finished Spring Data repository scanning in 128 ms. Found 12 JPA repository interfaces.
2026-04-09 10:18:35.894  INFO 2752 --- [           main] o.s.b.w.embedded.tomcat.TomcatWebServer  : Tomcat initialized with port(s): 8080 (http)
2026-04-09 10:18:35.908  INFO 2752 --- [           main] o.apache.catalina.core.StandardService   : Starting service [Tomcat]
2026-04-09 10:18:35.909  INFO 2752 --- [           main] org.apache.catalina.core.StandardEngine  : Starting Servlet engine: [Apache Tomcat/9.0.83]
2026-04-09 10:18:36.032  INFO 2752 --- [           main] o.a.c.c.C.[Tomcat].[localhost].[/]       : Initializing Spring embedded WebApplicationContext
2026-04-09 10:18:36.034  INFO 2752 --- [           main] w.s.c.ServletWebServerApplicationContext : Root WebApplicationContext: initialization completed in 2631 ms
2026-04-09 10:18:36.366  INFO 2752 --- [           main] o.hibernate.jpa.internal.util.LogHelper  : HHH000204: Processing PersistenceUnitInfo [name: default]
2026-04-09 10:18:36.445  INFO 2752 --- [           main] org.hibernate.Version                    : HHH000412: Hibernate ORM core version 5.6.15.Final
2026-04-09 10:18:36.724  INFO 2752 --- [           main] o.hibernate.annotations.common.Version   : HCANN000001: Hibernate Commons Annotations {5.1.2.Final}
2026-04-09 10:18:36.852  INFO 2752 --- [           main] org.hibernate.dialect.Dialect            : HHH000400: Using dialect: org.sqlite.hibernate.dialect.SQLiteDialect
2026-04-09 10:18:36.931  INFO 2752 --- [           main] com.zaxxer.hikari.HikariDataSource       : HikariPool-1 - Starting...
2026-04-09 10:18:37.084  INFO 2752 --- [           main] com.zaxxer.hikari.HikariDataSource       : HikariPool-1 - Start completed.
2026-04-09 10:18:37.097  INFO 2752 --- [           main] org.hibernate.dialect.Dialect            : HHH000400: Using dialect: org.sqlite.hibernate.dialect.SQLiteDialect
2026-04-09 10:18:38.459  INFO 2752 --- [           main] o.h.e.t.j.p.i.JtaPlatformInitiator       : HHH000490: Using JtaPlatform implementation: [org.hibernate.engine.transaction.jta.platform.internal.NoJtaPlatform]
2026-04-09 10:18:38.472  INFO 2752 --- [           main] j.LocalContainerEntityManagerFactoryBean : Initialized JPA EntityManagerFactory for persistence unit 'default'
2026-04-09 10:18:40.410  WARN 2752 --- [           main] JpaBaseConfiguration$JpaWebConfiguration : spring.jpa.open-in-view is enabled by default. Therefore, database queries may be performed during view rendering. Explicitly configure spring.jpa.open-in-view to disable this warning
2026-04-09 10:18:41.036  INFO 2752 --- [           main] o.s.b.w.embedded.tomcat.TomcatWebServer  : Tomcat started on port(s): 8080 (http) with context path ''
2026-04-09 10:18:41.051  INFO 2752 --- [           main] c.n.NeighbourLinkApplication             : Started NeighbourLinkApplication in 8.512 seconds (JVM running for 9.283)
2026-04-09 10:18:41.700  INFO 2752 --- [nio-8080-exec-1] o.a.c.c.C.[Tomcat].[localhost].[/]       : Initializing Spring DispatcherServlet 'dispatcherServlet'
2026-04-09 10:18:41.702  INFO 2752 --- [nio-8080-exec-1] o.s.web.servlet.DispatcherServlet        : Initializing Servlet 'dispatcherServlet'
2026-04-09 10:18:41.703  INFO 2752 --- [nio-8080-exec-1] o.s.web.servlet.DispatcherServlet        : Completed initialization in 1 ms
