
  .   ____          _            __ _ _
 /\\ / ___'_ __ _ _(_)_ __  __ _ \ \ \ \
( ( )\___ | '_ | '_| | '_ \/ _` | \ \ \ \
 \\/  ___)| |_)| | | | | || (_| |  ) ) ) )
  '  |____| .__|_| |_|_| |_\__, | / / / /
 =========|_|==============|___/=/_/_/_/
 :: Spring Boot ::               (v2.7.18)

2026-03-23 12:02:01.073  INFO 18136 --- [           main] c.n.NeighbourLinkApplication             : Starting NeighbourLinkApplication v0.0.1-SNAPSHOT using Java 17.0.2 on Charming with PID 18136 (C:\Users\gs658\OneDrive\??\NeighbourLink\backend\target\backend-0.0.1-SNAPSHOT.jar started by gs658 in C:\Users\gs658\OneDrive\??\NeighbourLink\backend)
2026-03-23 12:02:01.080  INFO 18136 --- [           main] c.n.NeighbourLinkApplication             : No active profile set, falling back to 1 default profile: "default"
2026-03-23 12:02:02.362  INFO 18136 --- [           main] .s.d.r.c.RepositoryConfigurationDelegate : Bootstrapping Spring Data JPA repositories in DEFAULT mode.
2026-03-23 12:02:02.538  INFO 18136 --- [           main] .s.d.r.c.RepositoryConfigurationDelegate : Finished Spring Data repository scanning in 154 ms. Found 12 JPA repository interfaces.
2026-03-23 12:02:04.535  INFO 18136 --- [           main] o.s.b.w.embedded.tomcat.TomcatWebServer  : Tomcat initialized with port(s): 8080 (http)
2026-03-23 12:02:04.555  INFO 18136 --- [           main] o.apache.catalina.core.StandardService   : Starting service [Tomcat]
2026-03-23 12:02:04.557  INFO 18136 --- [           main] org.apache.catalina.core.StandardEngine  : Starting Servlet engine: [Apache Tomcat/9.0.83]
2026-03-23 12:02:04.699  INFO 18136 --- [           main] o.a.c.c.C.[Tomcat].[localhost].[/]       : Initializing Spring embedded WebApplicationContext
2026-03-23 12:02:04.701  INFO 18136 --- [           main] w.s.c.ServletWebServerApplicationContext : Root WebApplicationContext: initialization completed in 3529 ms
2026-03-23 12:02:05.058  INFO 18136 --- [           main] o.hibernate.jpa.internal.util.LogHelper  : HHH000204: Processing PersistenceUnitInfo [name: default]
2026-03-23 12:02:05.190  INFO 18136 --- [           main] org.hibernate.Version                    : HHH000412: Hibernate ORM core version 5.6.15.Final
2026-03-23 12:02:05.583  INFO 18136 --- [           main] o.hibernate.annotations.common.Version   : HCANN000001: Hibernate Commons Annotations {5.1.2.Final}
2026-03-23 12:02:05.732  INFO 18136 --- [           main] org.hibernate.dialect.Dialect            : HHH000400: Using dialect: org.sqlite.hibernate.dialect.SQLiteDialect
2026-03-23 12:02:05.834  INFO 18136 --- [           main] com.zaxxer.hikari.HikariDataSource       : HikariPool-1 - Starting...
2026-03-23 12:02:06.001  INFO 18136 --- [           main] com.zaxxer.hikari.HikariDataSource       : HikariPool-1 - Start completed.
2026-03-23 12:02:06.009  INFO 18136 --- [           main] org.hibernate.dialect.Dialect            : HHH000400: Using dialect: org.sqlite.hibernate.dialect.SQLiteDialect
2026-03-23 12:02:07.326  INFO 18136 --- [           main] o.h.e.t.j.p.i.JtaPlatformInitiator       : HHH000490: Using JtaPlatform implementation: [org.hibernate.engine.transaction.jta.platform.internal.NoJtaPlatform]
2026-03-23 12:02:07.343  INFO 18136 --- [           main] j.LocalContainerEntityManagerFactoryBean : Initialized JPA EntityManagerFactory for persistence unit 'default'
2026-03-23 12:02:09.337  WARN 18136 --- [           main] JpaBaseConfiguration$JpaWebConfiguration : spring.jpa.open-in-view is enabled by default. Therefore, database queries may be performed during view rendering. Explicitly configure spring.jpa.open-in-view to disable this warning
2026-03-23 12:02:10.003  INFO 18136 --- [           main] o.s.b.w.embedded.tomcat.TomcatWebServer  : Tomcat started on port(s): 8080 (http) with context path ''
2026-03-23 12:02:10.021  INFO 18136 --- [           main] c.n.NeighbourLinkApplication             : Started NeighbourLinkApplication in 9.811 seconds (JVM running for 10.806)
2026-03-23 12:02:36.422  INFO 18136 --- [nio-8080-exec-2] o.a.c.c.C.[Tomcat].[localhost].[/]       : Initializing Spring DispatcherServlet 'dispatcherServlet'
2026-03-23 12:02:36.425  INFO 18136 --- [nio-8080-exec-2] o.s.web.servlet.DispatcherServlet        : Initializing Servlet 'dispatcherServlet'
2026-03-23 12:02:36.426  INFO 18136 --- [nio-8080-exec-2] o.s.web.servlet.DispatcherServlet        : Completed initialization in 1 ms
