
  .   ____          _            __ _ _
 /\\ / ___'_ __ _ _(_)_ __  __ _ \ \ \ \
( ( )\___ | '_ | '_| | '_ \/ _` | \ \ \ \
 \\/  ___)| |_)| | | | | || (_| |  ) ) ) )
  '  |____| .__|_| |_|_| |_\__, | / / / /
 =========|_|==============|___/=/_/_/_/
 :: Spring Boot ::               (v2.7.18)

2026-03-25 13:55:23.850  INFO 10688 --- [           main] c.n.NeighbourLinkApplication             : Starting NeighbourLinkApplication v0.0.1-SNAPSHOT using Java 17.0.2 on Charming with PID 10688 (C:\Users\gs658\OneDrive\文档\NeighbourLink\backend\target\backend-0.0.1-SNAPSHOT.jar started by gs658 in C:\Users\gs658\OneDrive\文档\NeighbourLink\backend)
2026-03-25 13:55:23.857  INFO 10688 --- [           main] c.n.NeighbourLinkApplication             : No active profile set, falling back to 1 default profile: "default"
2026-03-25 13:55:25.126  INFO 10688 --- [           main] .s.d.r.c.RepositoryConfigurationDelegate : Bootstrapping Spring Data JPA repositories in DEFAULT mode.
2026-03-25 13:55:25.276  INFO 10688 --- [           main] .s.d.r.c.RepositoryConfigurationDelegate : Finished Spring Data repository scanning in 124 ms. Found 12 JPA repository interfaces.
2026-03-25 13:55:26.857  INFO 10688 --- [           main] o.s.b.w.embedded.tomcat.TomcatWebServer  : Tomcat initialized with port(s): 8080 (http)
2026-03-25 13:55:26.876  INFO 10688 --- [           main] o.apache.catalina.core.StandardService   : Starting service [Tomcat]
2026-03-25 13:55:26.876  INFO 10688 --- [           main] org.apache.catalina.core.StandardEngine  : Starting Servlet engine: [Apache Tomcat/9.0.83]
2026-03-25 13:55:27.022  INFO 10688 --- [           main] o.a.c.c.C.[Tomcat].[localhost].[/]       : Initializing Spring embedded WebApplicationContext
2026-03-25 13:55:27.024  INFO 10688 --- [           main] w.s.c.ServletWebServerApplicationContext : Root WebApplicationContext: initialization completed in 3065 ms
2026-03-25 13:55:27.392  INFO 10688 --- [           main] o.hibernate.jpa.internal.util.LogHelper  : HHH000204: Processing PersistenceUnitInfo [name: default]
2026-03-25 13:55:27.520  INFO 10688 --- [           main] org.hibernate.Version                    : HHH000412: Hibernate ORM core version 5.6.15.Final
2026-03-25 13:55:27.821  INFO 10688 --- [           main] o.hibernate.annotations.common.Version   : HCANN000001: Hibernate Commons Annotations {5.1.2.Final}
2026-03-25 13:55:27.990  INFO 10688 --- [           main] org.hibernate.dialect.Dialect            : HHH000400: Using dialect: org.sqlite.hibernate.dialect.SQLiteDialect
2026-03-25 13:55:28.068  INFO 10688 --- [           main] com.zaxxer.hikari.HikariDataSource       : HikariPool-1 - Starting...
2026-03-25 13:55:28.239  INFO 10688 --- [           main] com.zaxxer.hikari.HikariDataSource       : HikariPool-1 - Start completed.
2026-03-25 13:55:28.250  INFO 10688 --- [           main] org.hibernate.dialect.Dialect            : HHH000400: Using dialect: org.sqlite.hibernate.dialect.SQLiteDialect
2026-03-25 13:55:29.708  INFO 10688 --- [           main] o.h.e.t.j.p.i.JtaPlatformInitiator       : HHH000490: Using JtaPlatform implementation: [org.hibernate.engine.transaction.jta.platform.internal.NoJtaPlatform]
2026-03-25 13:55:29.720  INFO 10688 --- [           main] j.LocalContainerEntityManagerFactoryBean : Initialized JPA EntityManagerFactory for persistence unit 'default'
2026-03-25 13:55:31.734  WARN 10688 --- [           main] JpaBaseConfiguration$JpaWebConfiguration : spring.jpa.open-in-view is enabled by default. Therefore, database queries may be performed during view rendering. Explicitly configure spring.jpa.open-in-view to disable this warning
2026-03-25 13:55:32.618  INFO 10688 --- [           main] o.s.b.w.embedded.tomcat.TomcatWebServer  : Tomcat started on port(s): 8080 (http) with context path ''
2026-03-25 13:55:32.639  INFO 10688 --- [           main] c.n.NeighbourLinkApplication             : Started NeighbourLinkApplication in 9.605 seconds (JVM running for 10.408)
2026-03-25 13:57:05.180  INFO 10688 --- [nio-8080-exec-1] o.a.c.c.C.[Tomcat].[localhost].[/]       : Initializing Spring DispatcherServlet 'dispatcherServlet'
2026-03-25 13:57:05.182  INFO 10688 --- [nio-8080-exec-1] o.s.web.servlet.DispatcherServlet        : Initializing Servlet 'dispatcherServlet'
2026-03-25 13:57:05.185  INFO 10688 --- [nio-8080-exec-1] o.s.web.servlet.DispatcherServlet        : Completed initialization in 2 ms
