
> frontend@0.0.0 dev
> vite "--host" "0.0.0.0" "--port" "5173"


  [32m[1mVITE[22m v5.4.21[39m  [2mready in [0m[1m1359[22m[2m[0m ms[22m

  [32m➜[39m  [1mLocal[22m:   [36mhttp://localhost:[1m5173[22m/[39m
  [32m➜[39m  [1mNetwork[22m: [36mhttp://192.168.11.1:[1m5173[22m/[39m
  [32m➜[39m  [1mNetwork[22m: [36mhttp://192.168.25.1:[1m5173[22m/[39m
  [32m➜[39m  [1mNetwork[22m: [36mhttp://192.168.8.103:[1m5173[22m/[39m
[2m14:15:55[22m [36m[1m[vite][22m[39m [32mhmr update [39m[2m/src/auth/AuthContext.jsx, /src/pages/SearchResultsPage.jsx, /src/pages/MyTripsPage.jsx, /src/pages/AdminDashboardPage.jsx, /src/pages/PostRideRequestPage.jsx, /src/pages/RideOfferDetailsPage.jsx, /src/pages/RideRequestOffersPage.jsx, /src/pages/ProfilePage.jsx, /src/pages/DriverDashboardPage.jsx, /src/components/TripRouteMap.jsx, /src/components/LocationPicker.jsx[22m
[2m14:15:55[22m [36m[1m[vite][22m[39m [33mhmr invalidate [39m[2m/src/auth/AuthContext.jsx[22m Could not Fast Refresh ("useAuth" export is incompatible). Learn more at https://github.com/vitejs/vite-plugin-react/tree/main/packages/plugin-react#consistent-components-exports
[2m14:15:55[22m [36m[1m[vite][22m[39m [32mpage reload [39m[2msrc/auth/AuthContext.jsx[22m
[2m14:16:18[22m [36m[1m[vite][22m[39m [32mhmr update [39m[2m/src/pages/AdminDashboardPage.jsx[22m
[2m14:16:30[22m [36m[1m[vite][22m[39m [32mhmr update [39m[2m/src/pages/AdminDashboardPage.jsx[22m
[2m14:16:39[22m [36m[1m[vite][22m[39m [32mhmr update [39m[2m/src/pages/AdminDashboardPage.jsx[22m
[2m14:16:54[22m [36m[1m[vite][22m[39m [32mhmr update [39m[2m/src/pages/AdminDashboardPage.jsx[22m
[2m14:17:02[22m [36m[1m[vite][22m[39m [32mhmr update [39m[2m/src/pages/AdminDashboardPage.jsx[22m
[2m14:17:41[22m [36m[1m[vite][22m[39m [32mhmr update [39m[2m/src/pages/AdminDashboardPage.jsx[22m
[2m14:17:52[22m [36m[1m[vite][22m[39m [32mhmr update [39m[2m/src/pages/AdminDashboardPage.jsx[22m
[2m14:18:20[22m [36m[1m[vite][22m[39m [32mhmr update [39m[2m/src/pages/AdminDashboardPage.jsx[22m
[2m14:18:28[22m [36m[1m[vite][22m[39m [32mhmr update [39m[2m/src/pages/AdminDashboardPage.jsx[22m
[2m14:20:05[22m [36m[1m[vite][22m[39m [32mhmr update [39m[2m/src/pages/AdminDashboardPage.jsx[22m
[2m14:20:17[22m [36m[1m[vite][22m[39m [32mhmr update [39m[2m/src/App.css[22m
[2m14:29:23[22m [36m[1m[vite][22m[39m [32mhmr update [39m[2m/src/auth/AuthContext.jsx, /src/pages/SearchResultsPage.jsx, /src/pages/MyTripsPage.jsx, /src/pages/AdminDashboardPage.jsx, /src/pages/PostRideRequestPage.jsx, /src/pages/RideOfferDetailsPage.jsx, /src/pages/RideRequestOffersPage.jsx, /src/pages/ProfilePage.jsx, /src/pages/DriverDashboardPage.jsx, /src/components/TripRouteMap.jsx, /src/components/LocationPicker.jsx[22m
[2m14:29:23[22m [36m[1m[vite][22m[39m [33mhmr invalidate [39m[2m/src/auth/AuthContext.jsx[22m Could not Fast Refresh ("useAuth" export is incompatible). Learn more at https://github.com/vitejs/vite-plugin-react/tree/main/packages/plugin-react#consistent-components-exports
[2m14:29:23[22m [36m[1m[vite][22m[39m [32mpage reload [39m[2msrc/auth/AuthContext.jsx[22m
[2m14:30:01[22m [36m[1m[vite][22m[39m [32mhmr update [39m[2m/src/pages/AdminDashboardPage.jsx[22m
[2m14:30:08[22m [36m[1m[vite][22m[39m [32mhmr update [39m[2m/src/pages/AdminDashboardPage.jsx[22m
[2m14:30:18[22m [36m[1m[vite][22m[39m [32mhmr update [39m[2m/src/pages/AdminDashboardPage.jsx[22m
[2m14:30:34[22m [36m[1m[vite][22m[39m [32mhmr update [39m[2m/src/pages/AdminDashboardPage.jsx[22m
[2m14:30:43[22m [36m[1m[vite][22m[39m [32mhmr update [39m[2m/src/pages/AdminDashboardPage.jsx[22m
[2m14:31:04[22m [36m[1m[vite][22m[39m [32mhmr update [39m[2m/src/pages/AdminDashboardPage.jsx[22m
[2m14:31:34[22m [36m[1m[vite][22m[39m [32mhmr update [39m[2m/src/pages/AdminDashboardPage.jsx[22m
[2m16:08:38[22m [36m[1m[vite][22m[39m [32mhmr update [39m[2m/src/pages/AdminDashboardPage.jsx[22m
[2m16:08:51[22m [36m[1m[vite][22m[39m [32mhmr update [39m[2m/src/pages/AdminDashboardPage.jsx[22m
[2m16:08:57[22m [36m[1m[vite][22m[39m [32mhmr update [39m[2m/src/pages/AdminDashboardPage.jsx[22m
[2m16:09:11[22m [36m[1m[vite][22m[39m [32mhmr update [39m[2m/src/pages/AdminDashboardPage.jsx[22m
[2m16:09:21[22m [36m[1m[vite][22m[39m [32mhmr update [39m[2m/src/pages/AdminDashboardPage.jsx[22m
[2m16:09:30[22m [36m[1m[vite][22m[39m [32mhmr update [39m[2m/src/pages/AdminDashboardPage.jsx[22m
[2m16:10:03[22m [36m[1m[vite][22m[39m [32mhmr update [39m[2m/src/pages/AdminDashboardPage.jsx[22m
[2m16:10:37[22m [36m[1m[vite][22m[39m [32mhmr update [39m[2m/src/pages/AdminDashboardPage.jsx[22m
[2m16:11:02[22m [36m[1m[vite][22m[39m [32mhmr update [39m[2m/src/pages/AdminDashboardPage.jsx[22m
[2m16:11:25[22m [36m[1m[vite][22m[39m [32mhmr update [39m[2m/src/pages/AdminDashboardPage.jsx[22m
[2m16:11:48[22m [36m[1m[vite][22m[39m [32mhmr update [39m[2m/src/pages/AdminDashboardPage.jsx[22m
[2m16:12:12[22m [36m[1m[vite][22m[39m [32mhmr update [39m[2m/src/pages/AdminDashboardPage.jsx[22m
[2m16:12:37[22m [36m[1m[vite][22m[39m [32mhmr update [39m[2m/src/App.css[22m
[2m16:33:33[22m [36m[1m[vite][22m[39m [32mhmr update [39m[2m/src/pages/AdminDashboardPage.jsx[22m
[2m16:33:43[22m [36m[1m[vite][22m[39m [32mhmr update [39m[2m/src/pages/AdminDashboardPage.jsx[22m
[2m16:33:56[22m [36m[1m[vite][22m[39m [32mhmr update [39m[2m/src/pages/AdminDashboardPage.jsx[22m
[2m16:34:14[22m [36m[1m[vite][22m[39m [32mhmr update [39m[2m/src/pages/AdminDashboardPage.jsx[22m
[2m16:34:55[22m [36m[1m[vite][22m[39m [32mhmr update [39m[2m/src/pages/AdminDashboardPage.jsx[22m
[2m16:35:15[22m [36m[1m[vite][22m[39m [32mhmr update [39m[2m/src/pages/AdminDashboardPage.jsx[22m
[2m16:35:35[22m [36m[1m[vite][22m[39m [32mhmr update [39m[2m/src/pages/AdminDashboardPage.jsx[22m
[2m16:35:55[22m [36m[1m[vite][22m[39m [32mhmr update [39m[2m/src/pages/AdminDashboardPage.jsx[22m
[2m16:36:14[22m [36m[1m[vite][22m[39m [32mhmr update [39m[2m/src/pages/AdminDashboardPage.jsx[22m
[2m16:36:32[22m [36m[1m[vite][22m[39m [32mhmr update [39m[2m/src/pages/AdminDashboardPage.jsx[22m
[2m16:36:51[22m [36m[1m[vite][22m[39m [32mhmr update [39m[2m/src/pages/AdminDashboardPage.jsx[22m
[2m16:37:09[22m [36m[1m[vite][22m[39m [32mhmr update [39m[2m/src/pages/AdminDashboardPage.jsx[22m
[2m16:37:17[22m [36m[1m[vite][22m[39m [32mhmr update [39m[2m/src/pages/AdminDashboardPage.jsx[22m
[2m16:37:37[22m [36m[1m[vite][22m[39m [32mhmr update [39m[2m/src/App.css[22m
[2m16:48:23[22m [36m[1m[vite][22m[39m [32mhmr update [39m[2m/src/pages/AdminDashboardPage.jsx[22m
[2m16:48:37[22m [36m[1m[vite][22m[39m [32mhmr update [39m[2m/src/pages/AdminDashboardPage.jsx[22m
[2m16:48:49[22m [36m[1m[vite][22m[39m [32mhmr update [39m[2m/src/pages/AdminDashboardPage.jsx[22m
[2m17:00:27[22m [36m[1m[vite][22m[39m [32mhmr update [39m[2m/src/auth/AuthContext.jsx, /src/pages/SearchResultsPage.jsx, /src/pages/MyTripsPage.jsx, /src/pages/AdminDashboardPage.jsx, /src/pages/PostRideRequestPage.jsx, /src/pages/RideOfferDetailsPage.jsx, /src/pages/RideRequestOffersPage.jsx, /src/pages/ProfilePage.jsx, /src/pages/DriverDashboardPage.jsx, /src/components/TripRouteMap.jsx, /src/components/LocationPicker.jsx[22m
[2m17:00:27[22m [36m[1m[vite][22m[39m [33mhmr invalidate [39m[2m/src/auth/AuthContext.jsx[22m Could not Fast Refresh ("useAuth" export is incompatible). Learn more at https://github.com/vitejs/vite-plugin-react/tree/main/packages/plugin-react#consistent-components-exports
[2m17:00:27[22m [36m[1m[vite][22m[39m [32mpage reload [39m[2msrc/auth/AuthContext.jsx[22m
[2m17:00:51[22m [36m[1m[vite][22m[39m [32mhmr update [39m[2m/src/pages/RegisterPage.jsx[22m
[2m17:00:56[22m [36m[1m[vite][22m[39m [32mhmr update [39m[2m/src/pages/AdminDashboardPage.jsx[22m
[2m17:01:02[22m [36m[1m[vite][22m[39m [32mhmr update [39m[2m/src/pages/AdminDashboardPage.jsx[22m
[2m17:01:09[22m [36m[1m[vite][22m[39m [32mhmr update [39m[2m/src/pages/AdminDashboardPage.jsx[22m
[2m17:01:21[22m [36m[1m[vite][22m[39m [32mhmr update [39m[2m/src/pages/AdminDashboardPage.jsx[22m
[2m17:01:34[22m [36m[1m[vite][22m[39m [32mhmr update [39m[2m/src/App.css[22m
[2m17:23:21[22m [36m[1m[vite][22m[39m [32mhmr update [39m[2m/src/pages/DriverDashboardPage.jsx[22m
[2m17:23:32[22m [36m[1m[vite][22m[39m [32mhmr update [39m[2m/src/App.css[22m
