
> frontend@0.0.0 dev
> vite "--host" "0.0.0.0" "--port" "5173"


  [32m[1mVITE[22m v5.4.21[39m  [2mready in [0m[1m812[22m[2m[0m ms[22m

  [32m➜[39m  [1mLocal[22m:   [36mhttp://localhost:[1m5173[22m/[39m
  [32m➜[39m  [1mNetwork[22m: [36mhttp://192.168.11.1:[1m5173[22m/[39m
  [32m➜[39m  [1mNetwork[22m: [36mhttp://192.168.25.1:[1m5173[22m/[39m
  [32m➜[39m  [1mNetwork[22m: [36mhttp://192.168.8.103:[1m5173[22m/[39m
[2m[32m  ➜[39m[22m[2m  press [22m[1mh + enter[22m[2m to show help[22m
[2m10:39:49[22m [36m[1m[vite][22m[39m [32mhmr update [39m[2m/src/components/AppLayout.jsx[22m
[2m10:39:59[22m [36m[1m[vite][22m[39m [32mhmr update [39m[2m/src/pages/IntroPage.jsx[22m
[2m10:41:06[22m [36m[1m[vite][22m[39m [32mhmr update [39m[2m/src/App.css[22m
[2m10:49:17[22m [36m[1m[vite][22m[39m [32mhmr update [39m[2m/src/App.css[22m
[2m10:53:19[22m [36m[1m[vite][22m[39m [32mhmr update [39m[2m/src/components/AppLayout.jsx[22m
[2m10:53:22[22m [36m[1m[vite][22m[39m [32mhmr update [39m[2m/src/components/AppLayout.jsx[22m
[2m10:53:43[22m [36m[1m[vite][22m[39m [32mhmr update [39m[2m/src/pages/IntroPage.jsx[22m
[2m10:53:55[22m [36m[1m[vite][22m[39m [32mhmr update [39m[2m/src/App.css[22m
[2m10:54:04[22m [36m[1m[vite][22m[39m [32mhmr update [39m[2m/src/App.css[22m
[2m10:54:10[22m [36m[1m[vite][22m[39m [32mhmr update [39m[2m/src/App.css[22m
[2m10:54:18[22m [36m[1m[vite][22m[39m [32mhmr update [39m[2m/src/App.css[22m
[2m10:55:03[22m [36m[1m[vite][22m[39m [32mhmr update [39m[2m/src/App.css[22m
[2m10:55:29[22m [36m[1m[vite][22m[39m [32mhmr update [39m[2m/src/pages/IntroPage.jsx[22m
[2m10:55:34[22m [36m[1m[vite][22m[39m [32mhmr update [39m[2m/src/components/AppLayout.jsx[22m
[2m10:55:40[22m [36m[1m[vite][22m[39m [32mhmr update [39m[2m/src/pages/IntroPage.jsx[22m
[2m10:55:44[22m [36m[1m[vite][22m[39m [32mhmr update [39m[2m/src/pages/IntroPage.jsx[22m
